{
  "stats": {
    "suites": 1,
    "tests": 1,
    "passes": 1,
    "pending": 0,
    "failures": 0,
    "start": "2021-10-03T13:32:20.143Z",
    "end": "2021-10-03T13:32:30.045Z",
    "duration": 9902,
    "testsRegistered": 1,
    "passPercent": 100,
    "pendingPercent": 0,
    "other": 0,
    "hasOther": false,
    "skipped": 0,
    "hasSkipped": false
  },
  "results": [
    {
      "uuid": "7049ce5a-02d7-4a3e-bfeb-f7b386ad06d9",
      "title": "",
      "fullFile": "cypress/integration/examples/Test7FrameWork.js",
      "file": "cypress/integration/examples/Test7FrameWork.js",
      "beforeHooks": [],
      "afterHooks": [],
      "tests": [],
      "suites": [
        {
          "uuid": "c0165fcf-fe2e-4f1f-99c1-f8f5843f658e",
          "title": "Frame test suite",
          "fullFile": "",
          "file": "",
          "beforeHooks": [],
          "afterHooks": [],
          "tests": [
            {
              "title": "Demo to handling frame",
              "fullTitle": "Frame test suite Demo to handling frame",
              "timedOut": null,
              "duration": 8635,
              "state": "passed",
              "speed": "slow",
              "pass": true,
              "fail": false,
              "pending": false,
              "context": null,
              "code": "var homePage = new _Homepage[\"default\"]();\nvar productPage = new _Productpage[\"default\"](); //cy.log(JSON.stringify(this.data.name))\nhomePage.getEditBox().type(\"priya\");\nhomePage.getGender().select(\"Female\");\nhomePage.getTwoWayDataBinding().should('have.value', \"priya\");\nhomePage.getEntrepreneaur().should('be.disabled');\nhomePage.getShopTab().click(); // this.data.productName.forEach(function (element) {\n//\n//     cy.selectProduct(element)\n// })\ncy.selectProduct(\"Blackberry\");\ncy.selectProduct(\"Nokia Edge\");\nproductPage.checkOutButton().click();\nproductPage.sumOfProduct();\ncy.contains(\"Checkout\").click();\ncy.get('#country').type(\"India\");\ncy.get('.suggestions > ul > li > a').click();\ncy.get('.ng-untouched > .btn').click(); //cy.get('.alert').should('have.text',\"Success! Thank you! Your order will be delivered in next few weeks :-).\")\ncy.get('.alert').then(function (element) {\n  var actualText = element.text();\n  expect(actualText.includes(\"Success\")).to.be[\"true\"];\n});",
              "err": {},
              "uuid": "6d6a9c36-06a3-41a0-8204-ab2084783a05",
              "parentUUID": "c0165fcf-fe2e-4f1f-99c1-f8f5843f658e",
              "isHook": false,
              "skipped": false
            }
          ],
          "suites": [],
          "passes": [
            "6d6a9c36-06a3-41a0-8204-ab2084783a05"
          ],
          "failures": [],
          "pending": [],
          "skipped": [],
          "duration": 8635,
          "root": false,
          "rootEmpty": false,
          "_timeout": 2000
        }
      ],
      "passes": [],
      "failures": [],
      "pending": [],
      "skipped": [],
      "duration": 0,
      "root": true,
      "rootEmpty": true,
      "_timeout": 2000
    }
  ],
  "meta": {
    "mocha": {
      "version": "7.0.1"
    },
    "mochawesome": {
      "options": {
        "quiet": false,
        "reportFilename": "mochawesome",
        "saveHtml": true,
        "saveJson": true,
        "consoleReporter": "spec",
        "useInlineDiffs": false,
        "code": true
      },
      "version": "6.3.0"
    },
    "marge": {
      "options": null,
      "version": "5.2.0"
    }
  }
}